<?xml version="1.0" encoding="UTF-8"?>
<!-- Generated by org.testng.reporters.JUnitXMLReporter -->
<testsuite hostname="DESKTOP-P7VKIKU" name="Test" tests="3" failures="3" timestamp="20 Apr 2018 20:56:22 GMT" time="8.017" errors="0">
  <testcase name="teste01" time="1.364" classname="teste.Testar">
    <failure type="testlink.api.java.client.TestLinkAPIException" message="
The xml-rpc call to TestLink API method tl.reportTCResult failed.
Result[0] = {code=3030, message=Test Case (name=Primeiro/id=4) is not associated with Test Plan (name=test/id=2).}
">
      <![CDATA[testlink.api.java.client.TestLinkAPIException: 
The xml-rpc call to TestLink API method tl.reportTCResult failed.
Result[0] = {code=3030, message=Test Case (name=Primeiro/id=4) is not associated with Test Plan (name=test/id=2).}

	at testlink.api.java.client.TestLinkAPIClient.execXmlRpcMethodWithCache(TestLinkAPIClient.java:1209)
	at testlink.api.java.client.TestLinkAPIClient.reportTestCaseResult(TestLinkAPIClient.java:282)
	at testlink.api.java.client.TestLinkAPIClient.reportTestCaseResult(TestLinkAPIClient.java:246)
	at testlink.api.java.client.TestLinkAPIClient.reportTestCaseResult(TestLinkAPIClient.java:217)
	at teste.TestLinkConnection.updateResults(TestLinkConnection.java:19)
	at teste.Testar.sendResult(Testar.java:83)
	at teste.Testar.teste01(Testar.java:66)
... Removed 23 stack frames]]>
    </failure>
  </testcase> <!-- teste01 -->
  <testcase name="teste02" time="1.301" classname="teste.Testar">
    <failure type="testlink.api.java.client.TestLinkAPIException" message="
The xml-rpc call to TestLink API method tl.reportTCResult failed.
Result[0] = {code=3030, message=Test Case (name=Segundo/id=7) is not associated with Test Plan (name=test/id=2).}
">
      <![CDATA[testlink.api.java.client.TestLinkAPIException: 
The xml-rpc call to TestLink API method tl.reportTCResult failed.
Result[0] = {code=3030, message=Test Case (name=Segundo/id=7) is not associated with Test Plan (name=test/id=2).}

	at testlink.api.java.client.TestLinkAPIClient.execXmlRpcMethodWithCache(TestLinkAPIClient.java:1209)
	at testlink.api.java.client.TestLinkAPIClient.reportTestCaseResult(TestLinkAPIClient.java:282)
	at testlink.api.java.client.TestLinkAPIClient.reportTestCaseResult(TestLinkAPIClient.java:246)
	at testlink.api.java.client.TestLinkAPIClient.reportTestCaseResult(TestLinkAPIClient.java:217)
	at teste.TestLinkConnection.updateResults(TestLinkConnection.java:19)
	at teste.Testar.sendResult(Testar.java:83)
	at teste.Testar.teste02(Testar.java:72)
... Removed 23 stack frames]]>
    </failure>
  </testcase> <!-- teste02 -->
  <testcase name="teste03" time="1.201" classname="teste.Testar">
    <failure type="testlink.api.java.client.TestLinkAPIException" message="
The xml-rpc call to TestLink API method tl.reportTCResult failed.
Result[0] = {code=3030, message=Test Case (name=Terceiro/id=9) is not associated with Test Plan (name=test/id=2).}
">
      <![CDATA[testlink.api.java.client.TestLinkAPIException: 
The xml-rpc call to TestLink API method tl.reportTCResult failed.
Result[0] = {code=3030, message=Test Case (name=Terceiro/id=9) is not associated with Test Plan (name=test/id=2).}

	at testlink.api.java.client.TestLinkAPIClient.execXmlRpcMethodWithCache(TestLinkAPIClient.java:1209)
	at testlink.api.java.client.TestLinkAPIClient.reportTestCaseResult(TestLinkAPIClient.java:282)
	at testlink.api.java.client.TestLinkAPIClient.reportTestCaseResult(TestLinkAPIClient.java:246)
	at testlink.api.java.client.TestLinkAPIClient.reportTestCaseResult(TestLinkAPIClient.java:217)
	at teste.TestLinkConnection.updateResults(TestLinkConnection.java:19)
	at teste.Testar.sendResult(Testar.java:83)
	at teste.Testar.teste03(Testar.java:78)
... Removed 23 stack frames]]>
    </failure>
  </testcase> <!-- teste03 -->
</testsuite> <!-- Test -->
